<?xml version="1.0" encoding="UTF-8"?>
<!-- Generated by org.testng.reporters.JUnitReportReporter -->
<testsuite hostname="DESKTOP-ODDFSPD" failures="0" tests="2" name="runner.LeadRunner" time="87.131" errors="0" timestamp="2024-09-23T13:57:10 IST" skipped="0">
  <testcase classname="runner.LeadRunner" name="runScenario" time="39.549"/>
  <system-out/>
  <testcase classname="runner.LeadRunner" name="runScenario" time="47.582"/>
  <system-out/>
</testsuite> <!-- runner.LeadRunner -->
