<?xml version="1.0" encoding="UTF-8"?>
<!-- Generated by org.testng.reporters.JUnitReportReporter -->
<testsuite hostname="DESKTOP-ODDFSPD" failures="0" tests="1" name="runner.CreateLeadRunner" time="33.284" errors="0" timestamp="2024-09-22T19:40:10 IST" skipped="0">
  <testcase classname="runner.CreateLeadRunner" name="runScenario" time="33.284"/>
  <system-out/>
</testsuite> <!-- runner.CreateLeadRunner -->
