<?xml version="1.0" encoding="UTF-8"?>
<!-- Generated by org.testng.reporters.JUnitReportReporter -->
<testsuite hostname="DESKTOP-ODDFSPD" failures="0" tests="1" name="runner.LeadRunner" time="33.825" errors="0" timestamp="2024-09-22T19:43:19 IST" skipped="0">
  <testcase classname="runner.LeadRunner" name="runScenario" time="33.825"/>
  <system-out/>
</testsuite> <!-- runner.LeadRunner -->
