<?xml version="1.0" encoding="UTF-8"?>
<!-- Generated by org.testng.reporters.JUnitReportReporter -->
<testsuite hostname="DESKTOP-ODDFSPD" failures="0" tests="1" name="runner.createLeadRunner" time="50.732" errors="0" timestamp="2024-09-18T20:11:15 IST" skipped="0">
  <testcase classname="runner.createLeadRunner" name="runScenario" time="50.732"/>
  <system-out/>
</testsuite> <!-- runner.createLeadRunner -->
